SF:lib\features\product\presentation\product_controller.dart
DA:6,1
DA:14,1
DA:15,2
DA:19,1
DA:20,1
DA:21,1
DA:24,1
DA:26,2
DA:36,1
DA:37,2
DA:39,1
DA:40,1
DA:41,1
DA:44,1
DA:46,2
DA:54,1
DA:55,2
DA:57,1
DA:58,1
DA:59,1
DA:62,1
DA:64,2
DA:74,1
DA:75,2
DA:79,1
DA:80,1
DA:81,1
DA:84,1
DA:86,2
LF:29
LH:29
end_of_record
SF:lib\features\user\presentation\user_controller.dart
DA:5,1
DA:13,1
DA:14,2
DA:15,1
DA:16,1
DA:17,1
DA:20,1
DA:22,2
DA:32,1
DA:33,2
DA:34,1
DA:35,1
DA:36,1
DA:39,1
DA:41,2
DA:51,1
DA:52,2
DA:53,1
DA:54,1
DA:55,1
DA:58,1
DA:60,2
LF:22
LH:22
end_of_record
SF:lib\features\cart\presentation\cart_controller.dart
DA:5,1
DA:13,1
DA:14,2
DA:15,1
DA:16,1
DA:17,1
DA:20,1
DA:22,2
DA:32,1
DA:33,2
DA:34,1
DA:35,1
DA:36,1
DA:39,1
DA:41,2
DA:53,1
DA:57,2
DA:61,1
DA:62,1
DA:63,1
DA:66,1
DA:68,2
DA:78,1
DA:79,2
DA:81,1
DA:82,1
DA:83,1
DA:86,1
DA:88,2
DA:98,1
DA:99,2
DA:101,1
DA:102,1
DA:103,1
DA:106,1
DA:108,2
DA:118,1
DA:119,2
DA:121,1
DA:122,1
DA:123,1
DA:126,1
DA:128,2
LF:43
LH:43
end_of_record
SF:lib\features\auth\presentation\auth_controller.dart
DA:5,1
DA:14,1
DA:15,2
DA:16,1
DA:17,1
DA:18,1
DA:21,1
DA:23,2
LF:8
LH:8
end_of_record
SF:lib\client\fake_api_client.dart
DA:59,1
DA:66,1
DA:67,1
DA:68,1
DA:69,1
LF:5
LH:5
end_of_record
SF:lib\core\errors\failure\failure.dart
DA:2,153
LF:1
LH:1
end_of_record
SF:lib\core\errors\failure\remote\no_internet_failure.dart
DA:4,144
LF:1
LH:1
end_of_record
SF:lib\core\errors\failure\remote\fetch_data_failure.dart
DA:4,8
LF:1
LH:1
end_of_record
SF:lib\core\errors\failure\remote\remote_failure.dart
DA:8,153
DA:12,1
DA:14,3
LF:3
LH:3
end_of_record
SF:lib\core\errors\failure\remote\invalid_response_failure.dart
DA:4,144
LF:1
LH:1
end_of_record
SF:lib\core\errors\exception\network_exception\unauthorized_exception.dart
DA:4,1
DA:5,1
LF:2
LH:2
end_of_record
SF:lib\core\errors\exception\network_exception\not_found_exception.dart
DA:4,4
LF:1
LH:1
end_of_record
SF:lib\core\errors\exception\network_exception\network_exception.dart
DA:8,10
DA:13,4
DA:14,12
LF:3
LH:3
end_of_record
SF:lib\core\errors\exception\network_exception\bad_request_exception.dart
DA:4,2
LF:1
LH:1
end_of_record
SF:lib\core\errors\exception\network_exception\service_unavailable_exception.dart
DA:4,1
DA:5,1
LF:2
LH:2
end_of_record
SF:lib\core\errors\exception\network_exception\server_error_exception.dart
DA:4,2
LF:1
LH:1
end_of_record
SF:lib\core\errors\exception\fake_api_controller_exception\user_controller_exception.dart
DA:4,1
DA:5,1
LF:2
LH:2
end_of_record
SF:lib\core\errors\exception\fake_api_controller_exception\cart_controller_exception.dart
DA:4,1
DA:5,1
LF:2
LH:2
end_of_record
SF:lib\core\errors\exception\fake_api_controller_exception\auth_controller_exception.dart
DA:4,1
DA:5,1
LF:2
LH:2
end_of_record
SF:lib\core\errors\exception\fake_api_controller_exception\product_controller_exception.dart
DA:4,2
DA:5,2
LF:2
LH:2
end_of_record
SF:lib\core\errors\exception\fake_api_controller_exception\fake_api_controller_exception.dart
DA:7,6
DA:12,1
DA:13,3
LF:3
LH:3
end_of_record
SF:lib\core\http\http_client.dart
DA:9,1
DA:21,1
DA:23,2
DA:25,1
DA:27,2
DA:29,1
DA:36,2
DA:38,1
DA:45,2
DA:47,1
DA:54,2
DA:56,1
DA:63,2
DA:65,1
DA:66,2
DA:68,1
DA:69,4
DA:70,1
DA:71,3
DA:75,1
DA:82,1
DA:84,3
DA:86,2
DA:87,1
DA:90,1
DA:91,1
DA:92,1
DA:93,2
DA:94,1
DA:95,2
DA:97,2
DA:101,1
DA:103,2
DA:105,2
DA:106,1
DA:107,1
DA:111,1
DA:116,1
DA:118,2
DA:119,1
DA:124,1
DA:128,2
DA:129,1
DA:133,1
DA:135,2
DA:136,1
DA:141,1
DA:142,2
LF:48
LH:48
end_of_record
SF:lib\core\http\interceptors\http_interceptor.dart
DA:5,1
DA:6,1
DA:7,1
LF:3
LH:3
end_of_record
SF:lib\core\utils\error_handler.dart
DA:6,2
DA:7,2
DA:8,2
DA:9,2
DA:10,1
DA:11,2
DA:12,2
DA:13,1
DA:14,1
DA:15,1
DA:16,1
DA:17,1
DA:18,1
DA:20,1
DA:24,2
DA:25,2
DA:27,2
DA:28,4
DA:29,2
LF:19
LH:19
end_of_record
SF:lib\core\utils\fake_api_params.dart
DA:13,10
DA:25,8
DA:26,6
DA:27,7
DA:28,7
DA:29,7
LF:6
LH:6
end_of_record
SF:lib\features\auth\data\repository\auth_repository_impl.dart
DA:8,1
DA:12,1
DA:18,2
DA:19,1
DA:20,1
DA:22,1
DA:25,3
LF:7
LH:7
end_of_record
SF:lib\features\auth\data\remote\datasource\auth_remote_datasource.dart
DA:6,1
DA:10,1
DA:11,2
DA:15,2
DA:16,2
DA:20,2
DA:21,1
LF:7
LH:7
end_of_record
SF:lib\features\auth\data\remote\model\token_model.dart
DA:4,4
DA:6,6
DA:7,3
LF:3
LH:3
end_of_record
SF:lib\features\auth\domain\entities\token_entity.dart
DA:2,6
LF:1
LH:1
end_of_record
SF:lib\features\cart\data\repository\cart_repository_impl.dart
DA:8,1
DA:12,1
DA:17,2
DA:18,1
DA:19,1
DA:21,1
DA:24,3
DA:28,1
DA:31,2
DA:32,1
DA:33,1
DA:35,1
DA:38,3
DA:42,1
DA:48,2
DA:52,1
DA:53,1
DA:55,1
DA:58,3
DA:62,1
DA:65,2
DA:66,1
DA:67,1
DA:69,1
DA:72,3
DA:76,1
DA:81,2
DA:82,1
DA:83,1
DA:85,1
DA:88,3
DA:92,1
DA:95,2
DA:96,1
DA:97,1
DA:99,1
DA:102,3
LF:37
LH:37
end_of_record
SF:lib\features\cart\data\remote\datasource\cart_remote_datasource.dart
DA:7,1
DA:11,1
DA:12,2
DA:14,1
DA:16,2
DA:17,2
DA:18,2
DA:22,1
DA:23,3
DA:24,2
DA:25,2
DA:26,1
DA:30,1
DA:34,2
DA:35,1
DA:36,1
DA:38,2
DA:39,2
DA:40,2
DA:44,1
DA:45,3
DA:46,2
DA:47,2
DA:48,2
DA:49,1
DA:53,1
DA:54,3
DA:55,4
DA:56,2
DA:57,2
DA:58,1
DA:62,1
DA:63,3
DA:64,2
DA:65,2
DA:66,1
LF:36
LH:36
end_of_record
SF:lib\features\cart\data\remote\model\cart_model.dart
DA:5,3
DA:12,6
DA:13,3
DA:14,3
DA:15,8
DA:16,8
DA:17,5
DA:18,3
DA:21,4
DA:22,2
DA:23,2
DA:24,2
DA:25,2
DA:28,4
DA:29,2
DA:30,4
DA:31,2
DA:32,5
DA:33,2
LF:19
LH:19
end_of_record
SF:lib\features\cart\data\remote\model\cart_product_model.dart
DA:4,2
DA:12,2
DA:13,2
DA:14,2
DA:15,2
DA:16,2
DA:17,4
DA:18,2
DA:21,2
DA:22,2
DA:23,2
DA:24,2
DA:25,2
DA:26,2
DA:27,2
DA:30,4
DA:31,2
DA:32,2
DA:33,2
DA:34,2
DA:35,2
LF:21
LH:21
end_of_record
SF:lib\features\cart\domain\entities\cart_entity.dart
DA:4,5
LF:1
LH:1
end_of_record
SF:lib\features\cart\domain\entities\cart_product_entity.dart
DA:2,5
LF:1
LH:1
end_of_record
SF:lib\features\product\data\repository\product_repository_impl.dart
DA:8,1
DA:12,1
DA:17,2
DA:18,1
DA:19,1
DA:21,1
DA:24,3
DA:28,1
DA:31,2
DA:32,1
DA:33,1
DA:35,1
DA:38,3
DA:42,1
DA:45,2
DA:46,1
DA:47,1
DA:49,1
DA:52,3
DA:56,1
DA:61,2
DA:62,1
DA:63,1
DA:65,1
DA:68,3
LF:25
LH:25
end_of_record
SF:lib\features\product\data\remote\datasource\product_remote_datasource.dart
DA:6,1
DA:10,1
DA:13,3
DA:14,2
DA:15,2
DA:16,2
DA:20,1
DA:21,3
DA:22,2
DA:23,2
DA:24,1
DA:28,1
DA:29,2
DA:30,2
DA:31,2
DA:32,1
DA:36,1
DA:37,3
DA:38,2
DA:39,2
DA:40,2
LF:21
LH:21
end_of_record
SF:lib\features\product\data\remote\model\product_model.dart
DA:5,3
DA:15,6
DA:16,3
DA:17,3
DA:18,4
DA:19,3
DA:20,3
DA:21,3
DA:22,8
LF:9
LH:9
end_of_record
SF:lib\features\product\data\remote\model\rating_model.dart
DA:4,4
DA:9,8
DA:10,6
DA:11,4
LF:4
LH:4
end_of_record
SF:lib\features\product\domain\entities\product_entity.dart
DA:4,5
LF:1
LH:1
end_of_record
SF:lib\features\product\domain\entities\rating_entity.dart
DA:2,7
LF:1
LH:1
end_of_record
SF:lib\features\user\data\remote\datasource\user_remote_datasource.dart
DA:5,1
DA:9,1
DA:10,2
DA:12,1
DA:14,2
DA:15,2
DA:16,2
DA:20,1
DA:21,3
DA:22,2
DA:23,2
DA:24,1
DA:28,1
DA:29,3
DA:30,2
DA:31,2
DA:32,2
DA:33,1
LF:18
LH:18
end_of_record
SF:lib\features\user\data\repository\user_repository_impl.dart
DA:8,1
DA:12,1
DA:17,2
DA:18,1
DA:19,1
DA:21,1
DA:24,3
DA:28,1
DA:31,2
DA:32,1
DA:33,1
DA:35,1
DA:38,3
DA:42,1
DA:45,2
DA:46,1
DA:47,1
DA:49,1
DA:52,3
LF:19
LH:19
end_of_record
SF:lib\features\user\data\remote\model\address_model.dart
DA:5,4
DA:13,8
DA:14,10
DA:15,4
DA:16,4
DA:17,4
DA:18,4
DA:21,6
DA:22,3
DA:23,3
DA:24,3
DA:25,3
DA:26,3
DA:29,6
DA:30,9
DA:31,3
DA:32,3
DA:33,3
DA:34,3
LF:19
LH:19
end_of_record
SF:lib\features\user\data\remote\model\geolocation_model.dart
DA:4,5
DA:9,5
DA:10,5
DA:11,5
DA:12,5
DA:15,4
DA:16,4
DA:17,4
DA:18,4
DA:21,8
DA:22,4
DA:23,4
LF:12
LH:12
end_of_record
SF:lib\features\user\domain\entities\address_entity.dart
DA:4,10
LF:1
LH:1
end_of_record
SF:lib\features\user\domain\entities\geolocation_entity.dart
DA:2,13
LF:1
LH:1
end_of_record
SF:lib\features\user\data\remote\model\user_model.dart
DA:6,3
DA:15,6
DA:16,3
DA:17,8
DA:18,3
DA:19,3
DA:20,3
DA:21,8
DA:24,4
DA:25,2
DA:26,2
DA:27,2
DA:28,2
DA:29,2
DA:30,2
DA:33,4
DA:34,6
DA:35,2
DA:36,2
DA:37,2
DA:38,6
LF:21
LH:21
end_of_record
SF:lib\features\user\data\remote\model\user_name_model.dart
DA:4,4
DA:9,8
DA:10,4
DA:11,4
DA:14,6
DA:15,3
DA:16,3
DA:19,6
DA:20,3
DA:21,3
LF:10
LH:10
end_of_record
SF:lib\features\user\domain\entities\user_entity.dart
DA:5,8
LF:1
LH:1
end_of_record
SF:lib\features\user\domain\entities\user_name_entity.dart
DA:2,11
LF:1
LH:1
end_of_record
